<?xml version="1.0" encoding="UTF-8"?>
<!-- Generated by org.testng.reporters.JUnitXMLReporter -->
<testsuite ignored="0" hostname="DESKTOP-M4BKM5J" failures="0" tests="17" name="Surefire test" time="115.754" errors="0" timestamp="2024-06-29T03:52:38 CST">
  <testcase classname="fcm.qa.testcases.CalenderPageTest" name="@BeforeMethod setUp" time="10.115">
    <failure type="org.openqa.selenium.WebDriverException" message="TypeError: browsingContext.currentWindowGlobal is null
Build info: version: &amp;apos;4.22.0&amp;apos;, revision: &amp;apos;c5f3146703*&amp;apos;
System info: os.name: &amp;apos;Windows 10&amp;apos;, os.arch: &amp;apos;amd64&amp;apos;, os.version: &amp;apos;10.0&amp;apos;, java.version: &amp;apos;14.0.2&amp;apos;
Driver info: org.openqa.selenium.firefox.FirefoxDriver
Command: [5670584e-e953-40b1-b3ba-ba936de00e96, findElement {value=//a[@id=&amp;apos;result_app_1&amp;apos;], using=xpath}]
Capabilities {acceptInsecureCerts: true, browserName: firefox, browserVersion: 127.0.2, moz:accessibilityChecks: false, moz:buildID: 20240624183754, moz:debuggerAddress: 127.0.0.1:7372, moz:geckodriverVersion: 0.34.0, moz:headless: false, moz:platformVersion: 10.0, moz:processID: 44144, moz:profile: C:\Users\jay10\AppData\Loca..., moz:shutdownTimeout: 60000, moz:webdriverClick: true, moz:windowless: false, pageLoadStrategy: normal, platformName: windows, proxy: Proxy(), se:cdp: ws://127.0.0.1:7372/devtool..., se:cdpVersion: 85.0, setWindowRect: true, strictFileInteractability: false, timeouts: {implicit: 0, pageLoad: 300000, script: 30000}, unhandledPromptBehavior: dismiss and notify, userAgent: Mozilla/5.0 (Windows NT 10....}
Session ID: 5670584e-e953-40b1-b3ba-ba936de00e96">
      <![CDATA[org.openqa.selenium.WebDriverException: TypeError: browsingContext.currentWindowGlobal is null
Build info: version: '4.22.0', revision: 'c5f3146703*'
System info: os.name: 'Windows 10', os.arch: 'amd64', os.version: '10.0', java.version: '14.0.2'
Driver info: org.openqa.selenium.firefox.FirefoxDriver
Command: [5670584e-e953-40b1-b3ba-ba936de00e96, findElement {value=//a[@id='result_app_1'], using=xpath}]
Capabilities {acceptInsecureCerts: true, browserName: firefox, browserVersion: 127.0.2, moz:accessibilityChecks: false, moz:buildID: 20240624183754, moz:debuggerAddress: 127.0.0.1:7372, moz:geckodriverVersion: 0.34.0, moz:headless: false, moz:platformVersion: 10.0, moz:processID: 44144, moz:profile: C:\Users\jay10\AppData\Loca..., moz:shutdownTimeout: 60000, moz:webdriverClick: true, moz:windowless: false, pageLoadStrategy: normal, platformName: windows, proxy: Proxy(), se:cdp: ws://127.0.0.1:7372/devtool..., se:cdpVersion: 85.0, setWindowRect: true, strictFileInteractability: false, timeouts: {implicit: 0, pageLoad: 300000, script: 30000}, unhandledPromptBehavior: dismiss and notify, userAgent: Mozilla/5.0 (Windows NT 10....}
Session ID: 5670584e-e953-40b1-b3ba-ba936de00e96
at org.openqa.selenium.remote.ErrorCodec.decode(ErrorCodec.java:167)
at org.openqa.selenium.remote.codec.w3c.W3CHttpResponseCodec.decode(W3CHttpResponseCodec.java:138)
at org.openqa.selenium.remote.codec.w3c.W3CHttpResponseCodec.decode(W3CHttpResponseCodec.java:50)
at org.openqa.selenium.remote.HttpCommandExecutor.execute(HttpCommandExecutor.java:190)
at org.openqa.selenium.remote.service.DriverCommandExecutor.invokeExecute(DriverCommandExecutor.java:216)
at org.openqa.selenium.remote.service.DriverCommandExecutor.execute(DriverCommandExecutor.java:174)
at org.openqa.selenium.remote.RemoteWebDriver.execute(RemoteWebDriver.java:518)
at org.openqa.selenium.remote.ElementLocation$ElementFinder$2.findElement(ElementLocation.java:165)
at org.openqa.selenium.remote.ElementLocation.findElement(ElementLocation.java:59)
at org.openqa.selenium.remote.RemoteWebDriver.findElement(RemoteWebDriver.java:355)
at org.openqa.selenium.remote.RemoteWebDriver.findElement(RemoteWebDriver.java:349)
at org.openqa.selenium.support.pagefactory.DefaultElementLocator.findElement(DefaultElementLocator.java:68)
at org.openqa.selenium.support.pagefactory.internal.LocatingElementHandler.invoke(LocatingElementHandler.java:38)
at com.sun.proxy.$Proxy9.click(Unknown Source)
at fcm.qa.pages.HomePage.clickOnCalenderLink(HomePage.java:47)
at fcm.qa.testcases.CalenderPageTest.setUp(CalenderPageTest.java:28)
at java.base/java.util.ArrayList.forEach(ArrayList.java:1511)
... Removed 41 stack frames]]>
    </failure>
  </testcase> <!-- @BeforeMethod setUp -->
  <testcase classname="fcm.qa.testcases.CalenderPageTest" name="@AfterMethod closeCalenederPage" time="0.0">
    <skipped/>
  </testcase> <!-- @AfterMethod closeCalenederPage -->
  <testcase classname="fcm.qa.testcases.CalenderPageTest" name="@BeforeMethod setUp" time="0.0">
    <skipped/>
  </testcase> <!-- @BeforeMethod setUp -->
  <testcase classname="fcm.qa.testcases.CalenderPageTest" name="@AfterMethod closeCalenederPage" time="0.0">
    <skipped/>
  </testcase> <!-- @AfterMethod closeCalenederPage -->
  <testcase classname="fcm.qa.testcases.CalenderPageTest" name="@BeforeMethod setUp" time="0.0">
    <skipped/>
  </testcase> <!-- @BeforeMethod setUp -->
  <testcase classname="fcm.qa.testcases.CalenderPageTest" name="@AfterMethod closeCalenederPage" time="0.0">
    <skipped/>
  </testcase> <!-- @AfterMethod closeCalenederPage -->
  <testcase classname="fcm.qa.testcases.ContactPageTest" name="@BeforeMethod setUp" time="7.386">
    <failure type="org.openqa.selenium.NoSuchWindowException" message="Browsing context has been discarded
Build info: version: &amp;apos;4.22.0&amp;apos;, revision: &amp;apos;c5f3146703*&amp;apos;
System info: os.name: &amp;apos;Windows 10&amp;apos;, os.arch: &amp;apos;amd64&amp;apos;, os.version: &amp;apos;10.0&amp;apos;, java.version: &amp;apos;14.0.2&amp;apos;
Driver info: org.openqa.selenium.firefox.FirefoxDriver
Command: [351472dd-6bc6-4a60-800c-87967533ed0b, findElement {value=//a[@id=&amp;apos;result_app_2&amp;apos;], using=xpath}]
Capabilities {acceptInsecureCerts: true, browserName: firefox, browserVersion: 127.0.2, moz:accessibilityChecks: false, moz:buildID: 20240624183754, moz:debuggerAddress: 127.0.0.1:3810, moz:geckodriverVersion: 0.34.0, moz:headless: false, moz:platformVersion: 10.0, moz:processID: 44852, moz:profile: C:\Users\jay10\AppData\Loca..., moz:shutdownTimeout: 60000, moz:webdriverClick: true, moz:windowless: false, pageLoadStrategy: normal, platformName: windows, proxy: Proxy(), se:cdp: ws://127.0.0.1:3810/devtool..., se:cdpVersion: 85.0, setWindowRect: true, strictFileInteractability: false, timeouts: {implicit: 0, pageLoad: 300000, script: 30000}, unhandledPromptBehavior: dismiss and notify, userAgent: Mozilla/5.0 (Windows NT 10....}
Session ID: 351472dd-6bc6-4a60-800c-87967533ed0b">
      <![CDATA[org.openqa.selenium.NoSuchWindowException: Browsing context has been discarded
Build info: version: '4.22.0', revision: 'c5f3146703*'
System info: os.name: 'Windows 10', os.arch: 'amd64', os.version: '10.0', java.version: '14.0.2'
Driver info: org.openqa.selenium.firefox.FirefoxDriver
Command: [351472dd-6bc6-4a60-800c-87967533ed0b, findElement {value=//a[@id='result_app_2'], using=xpath}]
Capabilities {acceptInsecureCerts: true, browserName: firefox, browserVersion: 127.0.2, moz:accessibilityChecks: false, moz:buildID: 20240624183754, moz:debuggerAddress: 127.0.0.1:3810, moz:geckodriverVersion: 0.34.0, moz:headless: false, moz:platformVersion: 10.0, moz:processID: 44852, moz:profile: C:\Users\jay10\AppData\Loca..., moz:shutdownTimeout: 60000, moz:webdriverClick: true, moz:windowless: false, pageLoadStrategy: normal, platformName: windows, proxy: Proxy(), se:cdp: ws://127.0.0.1:3810/devtool..., se:cdpVersion: 85.0, setWindowRect: true, strictFileInteractability: false, timeouts: {implicit: 0, pageLoad: 300000, script: 30000}, unhandledPromptBehavior: dismiss and notify, userAgent: Mozilla/5.0 (Windows NT 10....}
Session ID: 351472dd-6bc6-4a60-800c-87967533ed0b
at org.openqa.selenium.remote.ErrorCodec.decode(ErrorCodec.java:167)
at org.openqa.selenium.remote.codec.w3c.W3CHttpResponseCodec.decode(W3CHttpResponseCodec.java:138)
at org.openqa.selenium.remote.codec.w3c.W3CHttpResponseCodec.decode(W3CHttpResponseCodec.java:50)
at org.openqa.selenium.remote.HttpCommandExecutor.execute(HttpCommandExecutor.java:190)
at org.openqa.selenium.remote.service.DriverCommandExecutor.invokeExecute(DriverCommandExecutor.java:216)
at org.openqa.selenium.remote.service.DriverCommandExecutor.execute(DriverCommandExecutor.java:174)
at org.openqa.selenium.remote.RemoteWebDriver.execute(RemoteWebDriver.java:518)
at org.openqa.selenium.remote.ElementLocation$ElementFinder$2.findElement(ElementLocation.java:165)
at org.openqa.selenium.remote.ElementLocation.findElement(ElementLocation.java:59)
at org.openqa.selenium.remote.RemoteWebDriver.findElement(RemoteWebDriver.java:355)
at org.openqa.selenium.remote.RemoteWebDriver.findElement(RemoteWebDriver.java:349)
at org.openqa.selenium.support.pagefactory.DefaultElementLocator.findElement(DefaultElementLocator.java:68)
at org.openqa.selenium.support.pagefactory.internal.LocatingElementHandler.invoke(LocatingElementHandler.java:38)
at com.sun.proxy.$Proxy9.click(Unknown Source)
at fcm.qa.pages.HomePage.ClickOnContactPage(HomePage.java:52)
at fcm.qa.testcases.ContactPageTest.setUp(ContactPageTest.java:35)
at java.base/java.util.ArrayList.forEach(ArrayList.java:1511)
... Removed 41 stack frames]]>
    </failure>
  </testcase> <!-- @BeforeMethod setUp -->
  <testcase classname="fcm.qa.testcases.ContactPageTest" name="@AfterMethod closeBrowser" time="0.0">
    <skipped/>
  </testcase> <!-- @AfterMethod closeBrowser -->
  <testcase classname="fcm.qa.testcases.ContactPageTest" name="@BeforeMethod setUp" time="0.0">
    <skipped/>
  </testcase> <!-- @BeforeMethod setUp -->
  <testcase classname="fcm.qa.testcases.ContactPageTest" name="@AfterMethod closeBrowser" time="0.0">
    <skipped/>
  </testcase> <!-- @AfterMethod closeBrowser -->
  <testcase classname="fcm.qa.testcases.CalenderPageTest" name="validatePageTitleTest" time="0.001">
    <skipped/>
  </testcase> <!-- validatePageTitleTest -->
  <testcase classname="fcm.qa.testcases.CalenderPageTest" name="bookMeetingTest" time="0.0">
    <skipped/>
  </testcase> <!-- bookMeetingTest -->
  <testcase classname="fcm.qa.testcases.CalenderPageTest" name="validatebookedMeetingTest" time="0.001">
    <skipped/>
  </testcase> <!-- validatebookedMeetingTest -->
  <testcase classname="fcm.qa.testcases.ContactPageTest" name="validatePageTitle" time="0.0">
    <skipped/>
  </testcase> <!-- validatePageTitle -->
  <testcase classname="fcm.qa.testcases.ContactPageTest" name="verifyContactCreated" time="0.0">
    <skipped/>
  </testcase> <!-- verifyContactCreated -->
  <testcase classname="fcm.qa.testcases.DiscussPageTest" name="verifyPageTitle" time="0.0"/>
  <testcase classname="fcm.qa.testcases.DiscussPageTest" name="createMessage" time="1.011"/>
  <testcase classname="fcm.qa.testcases.HomePageTest" name="verifyPageTitle" time="0.013"/>
  <testcase classname="fcm.qa.testcases.HomePageTest" name="verifyDiscussLink" time="2.457"/>
  <testcase classname="fcm.qa.testcases.HomePageTest" name="verifyCalenderClick" time="3.355"/>
  <testcase classname="fcm.qa.testcases.HomePageTest" name="verifyContactLink" time="2.68"/>
  <testcase classname="fcm.qa.testcases.HomePageTest" name="VerifyCrmLink" time="2.91"/>
  <testcase classname="fcm.qa.testcases.HomePageTest" name="VerifyAppLink" time="2.875"/>
  <testcase classname="fcm.qa.testcases.HomePageTest" name="VerifydashLink" time="2.674"/>
  <testcase classname="fcm.qa.testcases.HomePageTest" name="VerifySettingLink" time="2.843"/>
  <testcase classname="fcm.qa.testcases.LoginPageTest" name="loginUser" time="0.3"/>
  <testcase classname="fcm.qa.testcases.LoginPageTest" name="verifyForgetLink" time="0.074"/>
</testsuite> <!-- Surefire test -->
